The system is: Windows - 10.0.19045 - AMD64
Compiling the C compiler identification source file "CMakeCCompilerId.c" succeeded.
Compiler: C:/Program Files (x86)/Microsoft Visual Studio/2022/BuildTools/VC/Tools/MSVC/14.41.34120/bin/Hostx86/x86/cl.exe 
Build flags: 
Id flags:  

The output was:
0
Microsoft (R) C/C++ Optimizing Compiler Version 19.41.34120 for x86
Copyright (C) Microsoft Corporation.  All rights reserved.

CMakeCCompilerId.c
Microsoft (R) Incremental Linker Version 14.41.34120.0
Copyright (C) Microsoft Corporation.  All rights reserved.

/out:CMakeCCompilerId.exe 
CMakeCCompilerId.obj 


Compilation of the C compiler identification source "CMakeCCompilerId.c" produced "CMakeCCompilerId.exe"

Compilation of the C compiler identification source "CMakeCCompilerId.c" produced "CMakeCCompilerId.obj"

The C compiler identification is MSVC, found in "C:/Users/rowan/Documents/College/year 4/graphics/Graphics_Project/cmake-build-debug/CMakeFiles/3.24.2/CompilerIdC/CMakeCCompilerId.exe"

Compiling the CXX compiler identification source file "CMakeCXXCompilerId.cpp" succeeded.
Compiler: C:/Program Files (x86)/Microsoft Visual Studio/2022/BuildTools/VC/Tools/MSVC/14.41.34120/bin/Hostx86/x86/cl.exe 
Build flags: 
Id flags:  

The output was:
0
Microsoft (R) C/C++ Optimizing Compiler Version 19.41.34120 for x86
Copyright (C) Microsoft Corporation.  All rights reserved.

CMakeCXXCompilerId.cpp
Microsoft (R) Incremental Linker Version 14.41.34120.0
Copyright (C) Microsoft Corporation.  All rights reserved.

/out:CMakeCXXCompilerId.exe 
CMakeCXXCompilerId.obj 


Compilation of the CXX compiler identification source "CMakeCXXCompilerId.cpp" produced "CMakeCXXCompilerId.exe"

Compilation of the CXX compiler identification source "CMakeCXXCompilerId.cpp" produced "CMakeCXXCompilerId.obj"

The CXX compiler identification is MSVC, found in "C:/Users/rowan/Documents/College/year 4/graphics/Graphics_Project/cmake-build-debug/CMakeFiles/3.24.2/CompilerIdCXX/CMakeCXXCompilerId.exe"

Detecting C compiler ABI info compiled with the following output:
Change Dir: C:/Users/rowan/Documents/College/year 4/graphics/Graphics_Project/cmake-build-debug/CMakeFiles/CMakeTmp

Run Build Command(s):C:/Program Files/JetBrains/CLion 2022.3/bin/ninja/win/ninja.exe cmTC_9e0f1 && [1/2] Building C object CMakeFiles\cmTC_9e0f1.dir\CMakeCCompilerABI.c.obj

[2/2] Linking C executable cmTC_9e0f1.exe




Detecting CXX compiler ABI info compiled with the following output:
Change Dir: C:/Users/rowan/Documents/College/year 4/graphics/Graphics_Project/cmake-build-debug/CMakeFiles/CMakeTmp

Run Build Command(s):C:/Program Files/JetBrains/CLion 2022.3/bin/ninja/win/ninja.exe cmTC_c2e91 && [1/2] Building CXX object CMakeFiles\cmTC_c2e91.dir\CMakeCXXCompilerABI.cpp.obj

[2/2] Linking CXX executable cmTC_c2e91.exe




Determining if the include file sys/types.h exists passed with the following output:
Change Dir: C:/Users/rowan/Documents/College/year 4/graphics/Graphics_Project/cmake-build-debug/CMakeFiles/CMakeTmp

Run Build Command(s):C:/Program Files/JetBrains/CLion 2022.3/bin/ninja/win/ninja.exe cmTC_7f5e3 && [1/2] Building C object CMakeFiles\cmTC_7f5e3.dir\CheckIncludeFile.c.obj

[2/2] Linking C executable cmTC_7f5e3.exe




Determining if the include file stdint.h exists passed with the following output:
Change Dir: C:/Users/rowan/Documents/College/year 4/graphics/Graphics_Project/cmake-build-debug/CMakeFiles/CMakeTmp

Run Build Command(s):C:/Program Files/JetBrains/CLion 2022.3/bin/ninja/win/ninja.exe cmTC_cda38 && [1/2] Building C object CMakeFiles\cmTC_cda38.dir\CheckIncludeFile.c.obj

[2/2] Linking C executable cmTC_cda38.exe




Determining if the include file stddef.h exists passed with the following output:
Change Dir: C:/Users/rowan/Documents/College/year 4/graphics/Graphics_Project/cmake-build-debug/CMakeFiles/CMakeTmp

Run Build Command(s):C:/Program Files/JetBrains/CLion 2022.3/bin/ninja/win/ninja.exe cmTC_983f8 && [1/2] Building C object CMakeFiles\cmTC_983f8.dir\CheckIncludeFile.c.obj

[2/2] Linking C executable cmTC_983f8.exe




